d:\shithub\mariobaseprojectreal\mariobaseproject\mariobaseproject\debug\vc142.pdb
d:\shithub\mariobaseprojectreal\mariobaseproject\mariobaseproject\debug\vc142.idb
d:\shithub\mariobaseprojectreal\mariobaseproject\mariobaseproject\debug\texture2d.obj
d:\shithub\mariobaseprojectreal\mariobaseproject\mariobaseproject\debug\mariobase.obj
d:\shithub\mariobaseprojectreal\mariobaseproject\mariobaseproject\debug\gamescreenmanager.obj
d:\shithub\mariobaseprojectreal\mariobaseproject\mariobaseproject\debug\gamescreenlevel1.obj
d:\shithub\mariobaseprojectreal\mariobaseproject\mariobaseproject\debug\gamescreen.obj
d:\shithub\mariobaseprojectreal\mariobaseproject\mariobaseproject\debug\character.obj
d:\shithub\mariobaseprojectreal\mariobaseproject\mariobaseproject\debug\charactermario.obj
d:\shithub\mariobaseprojectreal\mariobaseproject\mariobaseproject\debug\characterluigi.obj
d:\shithub\mariobaseprojectreal\mariobaseproject\mariobaseproject\debug\collisions.obj
d:\shithub\mariobaseprojectreal\mariobaseproject\mariobaseproject\debug\levelmap.obj
d:\shithub\mariobaseprojectreal\mariobaseproject\mariobaseproject\debug\powblock.obj
d:\shithub\mariobaseprojectreal\mariobaseproject\mariobaseproject\debug\characterkoopa.obj
d:\shithub\mariobaseprojectreal\mariobaseproject\mariobaseproject\debug\charactercoin.obj
d:\shithub\mariobaseprojectreal\mariobaseproject\mariobaseproject\debug\gamescreenmenu.obj
d:\shithub\mariobaseprojectreal\mariobaseproject\mariobaseproject\debug\gamescreenover.obj
d:\shithub\mariobaseprojectreal\mariobaseproject\mariobaseproject\debug\gamescreenlevel2.obj
d:\shithub\mariobaseprojectreal\mariobaseproject\mariobaseproject\debug\gamescreenyouwin.obj
d:\shithub\mariobaseprojectreal\mariobaseproject\debug\mariobaseproject.exe
d:\shithub\mariobaseprojectreal\mariobaseproject\debug\mariobaseproject.ilk
d:\shithub\mariobaseprojectreal\mariobaseproject\debug\mariobaseproject.pdb
d:\shithub\mariobaseprojectreal\mariobaseproject\mariobaseproject\debug\gamescreenlevel1.obj.enc
d:\shithub\mariobaseprojectreal\mariobaseproject\mariobaseproject\debug\gamescreenmenu.obj.enc
d:\shithub\mariobaseprojectreal\mariobaseproject\mariobaseproject\debug\levelmap.obj.enc
d:\shithub\mariobaseprojectreal\mariobaseproject\mariobaseproject\debug\mariobase.obj.enc
d:\shithub\mariobaseprojectreal\mariobaseproject\mariobaseproject\debug\mariobaseproject.tlog\cl.command.1.tlog
d:\shithub\mariobaseprojectreal\mariobaseproject\mariobaseproject\debug\mariobaseproject.tlog\cl.read.1.tlog
d:\shithub\mariobaseprojectreal\mariobaseproject\mariobaseproject\debug\mariobaseproject.tlog\cl.write.1.tlog
d:\shithub\mariobaseprojectreal\mariobaseproject\mariobaseproject\debug\mariobaseproject.tlog\link.command.1.tlog
d:\shithub\mariobaseprojectreal\mariobaseproject\mariobaseproject\debug\mariobaseproject.tlog\link.read.1.tlog
d:\shithub\mariobaseprojectreal\mariobaseproject\mariobaseproject\debug\mariobaseproject.tlog\link.write.1.tlog
